<?xml version="1.0" encoding="UTF-8"?>
<testng-results ignored="0" total="1" passed="1" failed="0" skipped="0">
  <reporter-output>
  </reporter-output>
  <suite started-at="2025-03-13T23:00:42 IST" name="Default suite" finished-at="2025-03-13T23:01:02 IST" duration-ms="19896">
    <groups>
    </groups>
    <test started-at="2025-03-13T23:00:42 IST" name="Default test" finished-at="2025-03-13T23:01:02 IST" duration-ms="19896">
      <class name="qa.test.fitpeo.testcases.PatInformed">
        <test-method signature="verifyFitPeoHomepageScenarios()[pri:0, instance:qa.test.fitpeo.testcases.PatInformed@67c27493]" started-at="2025-03-13T23:00:42 IST" name="verifyFitPeoHomepageScenarios" finished-at="2025-03-13T23:01:02 IST" duration-ms="19815" status="PASS">
          <reporter-output>
          </reporter-output>
        </test-method> <!-- verifyFitPeoHomepageScenarios -->
      </class> <!-- qa.test.fitpeo.testcases.PatInformed -->
    </test> <!-- Default test -->
  </suite> <!-- Default suite -->
</testng-results>
